<?xml version="1.0" encoding="UTF-8"?>
<!-- Generated by org.testng.reporters.JUnitReportReporter -->
<testsuite hostname="Sandeep" failures="0" tests="1" name="AutomationTool.com.Alertsconcept" time="9.214" errors="0" timestamp="2024-02-26T11:54:14 IST" skipped="0">
  <testcase classname="AutomationTool.com.Alertsconcept" name="switch_to_alert" time="9.214"/>
</testsuite> <!-- AutomationTool.com.Alertsconcept -->
