<?xml version="1.0" encoding="UTF-8"?>
<!-- Generated by org.testng.reporters.JUnitReportReporter -->
<testsuite hostname="Sandeep" failures="0" tests="1" name="AutomationTool.com.FramesConcept" time="12.357" errors="0" timestamp="2024-02-26T16:13:01 IST" skipped="0">
  <testcase classname="AutomationTool.com.FramesConcept" name="SwitchToFrame" time="12.357"/>
</testsuite> <!-- AutomationTool.com.FramesConcept -->
