<?xml version="1.0" encoding="UTF-8"?>
<!-- Generated by org.testng.reporters.JUnitReportReporter -->
<testsuite hostname="Sandeep" failures="0" tests="1" name="AutomationTool.com.Slider" time="7.353" errors="0" timestamp="2024-02-26T16:37:22 IST" skipped="0">
  <testcase classname="AutomationTool.com.Slider" name="slide" time="7.353"/>
</testsuite> <!-- AutomationTool.com.Slider -->
