<?xml version="1.0" encoding="UTF-8"?>
<!-- Generated by org.testng.reporters.JUnitReportReporter -->
<testsuite hostname="Sandeep" failures="0" tests="1" name="AutomationTool.com.DatePicker" time="13.394" errors="0" timestamp="2024-02-26T16:28:21 IST" skipped="0">
  <testcase classname="AutomationTool.com.DatePicker" name="Date_Picker" time="13.394"/>
</testsuite> <!-- AutomationTool.com.DatePicker -->
